[ 2025-04-02 10:35:59,162 ] 1025 httpx - INFO - HTTP Request: GET https://dagshub.com/api/v1/user "HTTP/1.1 200 OK"
[ 2025-04-02 10:35:59,178 ] 107 dagshub - INFO - Accessing as bhanu1836
[ 2025-04-02 10:36:01,117 ] 1025 httpx - INFO - HTTP Request: GET https://dagshub.com/api/v1/repos/bhanu1836/network-security "HTTP/1.1 200 OK"
[ 2025-04-02 10:36:03,272 ] 1025 httpx - INFO - HTTP Request: GET https://dagshub.com/api/v1/user "HTTP/1.1 200 OK"
[ 2025-04-02 10:36:03,272 ] 107 dagshub - INFO - Initialized MLflow to track repo "bhanu1836/network-security"
[ 2025-04-02 10:36:03,272 ] 107 dagshub - INFO - Repository bhanu1836/network-security initialized!
[ 2025-04-02 10:36:22,576 ] 42 root - INFO - Start data Ingestion
[ 2025-04-02 10:36:47,228 ] 65 root - INFO - Performed train test split on the dataframe
[ 2025-04-02 10:36:47,228 ] 67 root - INFO - Exited split_data_as_train_test method of Data_Ingestion class
[ 2025-04-02 10:36:47,243 ] 75 root - INFO - Exporting train and test file path.
[ 2025-04-02 10:36:47,370 ] 84 root - INFO - Exported train and test file path.
[ 2025-04-02 10:36:47,370 ] 45 root - INFO - Data Ingestion completed and artifact: DataIngestionArtifact(trained_file_path='Artifacts\\04_02_2025_10_35_50\\data_ingestion\\ingested\\train.csv', test_file_path='Artifacts\\04_02_2025_10_35_50\\data_ingestion\\ingested\\test.csv')
[ 2025-04-02 10:36:47,402 ] 55 root - INFO - Initiate the data Validation
[ 2025-04-02 10:36:48,853 ] 32 root - INFO - Required number of columns:2
[ 2025-04-02 10:36:48,853 ] 33 root - INFO - Data frame has columns:31
[ 2025-04-02 10:36:48,853 ] 32 root - INFO - Required number of columns:2
[ 2025-04-02 10:36:48,853 ] 33 root - INFO - Data frame has columns:31
[ 2025-04-02 10:36:49,367 ] 63 root - INFO - Entered initiate_data_transformation method of DataTransformation class
[ 2025-04-02 10:36:49,367 ] 65 root - INFO - Starting data transformation
[ 2025-04-02 10:36:49,430 ] 48 root - INFO - Entered get_data_trnasformer_object method of Trnasformation class
[ 2025-04-02 10:36:49,430 ] 53 root - INFO - Initialise KNNImputer with {'missing_values': nan, 'n_neighbors': 3, 'weights': 'uniform'}
[ 2025-04-02 10:36:49,509 ] 46 root - INFO - Entered the save_object method of MainUtils class
[ 2025-04-02 10:36:49,524 ] 50 root - INFO - Exited the save_object method of MainUtils class
[ 2025-04-02 10:36:49,524 ] 46 root - INFO - Entered the save_object method of MainUtils class
[ 2025-04-02 10:36:49,530 ] 50 root - INFO - Exited the save_object method of MainUtils class
[ 2025-04-02 10:44:22,358 ] 83 root - ERROR - MLflow tracking failed: API request to endpoint /api/2.0/mlflow/runs/create failed with error code 401 != 200. Response body: '=============== ATTENTION! ===============

To use authentication, you must first: 
    Get your default access token from: https://dagshub.com/user/settings/tokens
    OR 
    Set a password: https://dagshub.com/user/settings/password 
=========================================='
[ 2025-04-02 10:44:22,358 ] 144 root - ERROR - MLflow tracking failed: local variable 'classification_test_metric' referenced before assignment
[ 2025-04-02 10:44:23,226 ] 83 root - ERROR - MLflow tracking failed: API request to endpoint /api/2.0/mlflow/runs/create failed with error code 401 != 200. Response body: '=============== ATTENTION! ===============

To use authentication, you must first: 
    Get your default access token from: https://dagshub.com/user/settings/tokens
    OR 
    Set a password: https://dagshub.com/user/settings/password 
=========================================='
[ 2025-04-02 10:44:23,464 ] 46 root - INFO - Entered the save_object method of MainUtils class
[ 2025-04-02 10:44:23,464 ] 50 root - INFO - Exited the save_object method of MainUtils class
[ 2025-04-02 10:44:23,464 ] 46 root - INFO - Entered the save_object method of MainUtils class
[ 2025-04-02 10:44:23,678 ] 50 root - INFO - Exited the save_object method of MainUtils class
[ 2025-04-02 10:44:23,678 ] 167 root - INFO - Model trainer artifact: ModelTrainerArtifact(trained_model_file_path='Artifacts\\04_02_2025_10_35_50\\model_trainer\\trained_model\\model.pkl', train_metric_artifact=ClassificationMetricArtifact(f1_score=0.9913503612496185, precision_score=0.9902419190892457, recall_score=0.9924612876935616), test_metric_artifact=ClassificationMetricArtifact(f1_score=0.9789765965886552, precision_score=0.970125786163522, recall_score=0.9879903923138511))
